<?xml version="1.0" encoding="UTF-8"?>
<testng-results ignored="0" total="1" passed="1" failed="0" skipped="0">
  <reporter-output>
  </reporter-output>
  <suite started-at="2026-06-11T13:36:03 WIB" name="Default suite" finished-at="2026-06-11T13:36:30 WIB" duration-ms="26107">
    <groups>
    </groups>
    <test started-at="2026-06-11T13:36:03 WIB" name="Default test" finished-at="2026-06-11T13:36:30 WIB" duration-ms="26107">
      <class name="tests.LoginTest">
        <test-method is-config="true" signature="setUp()[pri:0, instance:tests.LoginTest@4135c3b]" started-at="2026-06-11T13:36:04 WIB" name="setUp" finished-at="2026-06-11T13:36:27 WIB" duration-ms="23837" status="PASS">
          <reporter-output>
          </reporter-output>
        </test-method> <!-- setUp -->
        <test-method signature="testValidLogin()[pri:0, instance:tests.LoginTest@4135c3b]" started-at="2026-06-11T13:36:27 WIB" name="testValidLogin" finished-at="2026-06-11T13:36:30 WIB" duration-ms="2227" status="PASS">
          <reporter-output>
          </reporter-output>
        </test-method> <!-- testValidLogin -->
        <test-method is-config="true" signature="tearDown()[pri:0, instance:tests.LoginTest@4135c3b]" started-at="2026-06-11T13:36:30 WIB" name="tearDown" finished-at="2026-06-11T13:36:30 WIB" duration-ms="1" status="PASS">
          <reporter-output>
          </reporter-output>
        </test-method> <!-- tearDown -->
      </class> <!-- tests.LoginTest -->
    </test> <!-- Default test -->
  </suite> <!-- Default suite -->
</testng-results>
