<?xml version="1.0" encoding="UTF-8"?>
<!-- Generated by org.testng.reporters.JUnitXMLReporter -->
<testsuite ignored="0" hostname="DESKTOP-KDJK59C" failures="1" tests="2" name="LoginTests" time="12.874" errors="0" timestamp="2026-07-11T15:22:02 WIB">
  <testcase classname="tests.LoginTest" name="testInValidLogin" time="2.348">
    <failure type="java.lang.AssertionError" message="expected [Invalid credentials..123] but found [Invalid credentials]">
      <![CDATA[java.lang.AssertionError: expected [Invalid credentials..123] but found [Invalid credentials]
at tests.LoginTest.testInValidLogin(LoginTest.java:94)
at java.base/java.util.ArrayList.forEach(ArrayList.java:1596)
... Removed 31 stack frames]]>
    </failure>
  </testcase> <!-- testInValidLogin -->
  <testcase classname="tests.LoginTest" name="testValidLogin" time="1.921"/>
</testsuite> <!-- LoginTests -->
